
*** Running vivado
    with args -log node.vds -m64 -mode batch -messageDb vivado.pb -notrace -source node.tcl


****** Vivado v2015.4 (64-bit)
  **** SW Build 1412921 on Wed Nov 18 09:43:45 MST 2015
  **** IP Build 1412160 on Tue Nov 17 13:47:24 MST 2015
    ** Copyright 1986-2015 Xilinx, Inc. All Rights Reserved.

source node.tcl -notrace
Command: synth_design -top node -part xc7a35ticsg324-1L
Starting synth_design
Attempting to get a license for feature 'Synthesis' and/or device 'xc7a35ti'
INFO: [Common 17-349] Got license for feature 'Synthesis' and/or device 'xc7a35ti'
---------------------------------------------------------------------------------
Starting RTL Elaboration : Time (s): cpu = 00:00:05 ; elapsed = 00:00:05 . Memory (MB): peak = 264.586 ; gain = 93.168
---------------------------------------------------------------------------------
INFO: [Synth 8-638] synthesizing module 'node' [C:/Github/IEEE1355FPGA_KS/src/node.vhd:52]
	Parameter char_width bound to: 8 - type: integer 
	Parameter fcc bound to: 3'b100 
	Parameter eop_1 bound to: 3'b101 
	Parameter eop_2 bound to: 3'b110 
	Parameter esc bound to: 3'b111 
	Parameter null_char bound to: 7'b1110100 
INFO: [Synth 8-638] synthesizing module 'clk_prescaler' [C:/Github/IEEE1355FPGA_KS/src/clk_prescaler.vhd:32]
	Parameter PRESCALER bound to: 1 - type: integer 
INFO: [Synth 8-256] done synthesizing module 'clk_prescaler' (1#1) [C:/Github/IEEE1355FPGA_KS/src/clk_prescaler.vhd:32]
INFO: [Synth 8-638] synthesizing module 'exchange_tx' [C:/Github/IEEE1355FPGA_KS/src/exchange_tx.vhd:47]
	Parameter char_width bound to: 8 - type: integer 
INFO: [Synth 8-256] done synthesizing module 'exchange_tx' (2#1) [C:/Github/IEEE1355FPGA_KS/src/exchange_tx.vhd:47]
INFO: [Synth 8-638] synthesizing module 'TX_pipeline' [C:/Github/IEEE1355FPGA_KS/src/TX_pipeline.vhd:46]
	Parameter char_width bound to: 8 - type: integer 
INFO: [Synth 8-638] synthesizing module 'packet_tx' [C:/Github/IEEE1355FPGA_KS/src/packet_tx.vhd:38]
	Parameter char_width bound to: 8 - type: integer 
INFO: [Synth 8-256] done synthesizing module 'packet_tx' (3#1) [C:/Github/IEEE1355FPGA_KS/src/packet_tx.vhd:38]
INFO: [Synth 8-638] synthesizing module 'char_tx' [C:/Github/IEEE1355FPGA_KS/src/char_tx.vhd:45]
	Parameter char_width bound to: 8 - type: integer 
WARNING: [Synth 8-3848] Net cnt_max in module/entity char_tx does not have driver. [C:/Github/IEEE1355FPGA_KS/src/char_tx.vhd:39]
INFO: [Synth 8-256] done synthesizing module 'char_tx' (4#1) [C:/Github/IEEE1355FPGA_KS/src/char_tx.vhd:45]
INFO: [Synth 8-638] synthesizing module 'signal_tx' [C:/Github/IEEE1355FPGA_KS/src/signal_tx.vhd:44]
	Parameter char_width bound to: 8 - type: integer 
INFO: [Synth 8-256] done synthesizing module 'signal_tx' (5#1) [C:/Github/IEEE1355FPGA_KS/src/signal_tx.vhd:44]
INFO: [Synth 8-256] done synthesizing module 'TX_pipeline' (6#1) [C:/Github/IEEE1355FPGA_KS/src/TX_pipeline.vhd:46]
INFO: [Synth 8-638] synthesizing module 'RX_pipeline' [C:/Github/IEEE1355FPGA_KS/src/RX_pipeline.vhd:47]
	Parameter char_width bound to: 8 - type: integer 
INFO: [Synth 8-638] synthesizing module 'signal_rx' [C:/Github/IEEE1355FPGA_KS/src/signal_rx.vhd:46]
	Parameter char_width bound to: 8 - type: integer 
WARNING: [Synth 8-614] signal 'd_ff2' is read in the process but is not in the sensitivity list [C:/Github/IEEE1355FPGA_KS/src/signal_rx.vhd:67]
WARNING: [Synth 8-614] signal 's_ff2' is read in the process but is not in the sensitivity list [C:/Github/IEEE1355FPGA_KS/src/signal_rx.vhd:67]
WARNING: [Synth 8-614] signal 'data' is read in the process but is not in the sensitivity list [C:/Github/IEEE1355FPGA_KS/src/signal_rx.vhd:67]
WARNING: [Synth 8-614] signal 's_latch' is read in the process but is not in the sensitivity list [C:/Github/IEEE1355FPGA_KS/src/signal_rx.vhd:67]
INFO: [Synth 8-256] done synthesizing module 'signal_rx' (7#1) [C:/Github/IEEE1355FPGA_KS/src/signal_rx.vhd:46]
INFO: [Synth 8-638] synthesizing module 'char_rx' [C:/Github/IEEE1355FPGA_KS/src/char_rx.vhd:47]
	Parameter char_width bound to: 8 - type: integer 
WARNING: [Synth 8-614] signal 'rd_char_parity' is read in the process but is not in the sensitivity list [C:/Github/IEEE1355FPGA_KS/src/char_rx.vhd:63]
WARNING: [Synth 8-614] signal 'pc_char' is read in the process but is not in the sensitivity list [C:/Github/IEEE1355FPGA_KS/src/char_rx.vhd:63]
WARNING: [Synth 8-614] signal 'rd_parity' is read in the process but is not in the sensitivity list [C:/Github/IEEE1355FPGA_KS/src/char_rx.vhd:63]
WARNING: [Synth 8-614] signal 'char_parity' is read in the process but is not in the sensitivity list [C:/Github/IEEE1355FPGA_KS/src/char_rx.vhd:63]
WARNING: [Synth 8-614] signal 'total_parity' is read in the process but is not in the sensitivity list [C:/Github/IEEE1355FPGA_KS/src/char_rx.vhd:63]
INFO: [Synth 8-256] done synthesizing module 'char_rx' (8#1) [C:/Github/IEEE1355FPGA_KS/src/char_rx.vhd:47]
INFO: [Synth 8-638] synthesizing module 'packet_rx' [C:/Github/IEEE1355FPGA_KS/src/packet_rx.vhd:39]
	Parameter char_width bound to: 8 - type: integer 
WARNING: [Synth 8-614] signal 'char_save' is read in the process but is not in the sensitivity list [C:/Github/IEEE1355FPGA_KS/src/packet_rx.vhd:45]
WARNING: [Synth 8-614] signal 'data_sv' is read in the process but is not in the sensitivity list [C:/Github/IEEE1355FPGA_KS/src/packet_rx.vhd:45]
INFO: [Synth 8-256] done synthesizing module 'packet_rx' (9#1) [C:/Github/IEEE1355FPGA_KS/src/packet_rx.vhd:39]
INFO: [Synth 8-256] done synthesizing module 'RX_pipeline' (10#1) [C:/Github/IEEE1355FPGA_KS/src/RX_pipeline.vhd:47]
INFO: [Synth 8-256] done synthesizing module 'node' (11#1) [C:/Github/IEEE1355FPGA_KS/src/node.vhd:52]
---------------------------------------------------------------------------------
Finished RTL Elaboration : Time (s): cpu = 00:00:06 ; elapsed = 00:00:06 . Memory (MB): peak = 301.008 ; gain = 129.590
---------------------------------------------------------------------------------

Report Check Netlist: 
+------+------------------+-------+---------+-------+------------------+
|      |Item              |Errors |Warnings |Status |Description       |
+------+------------------+-------+---------+-------+------------------+
|1     |multi_driven_nets |      0|        0|Passed |Multi driven nets |
+------+------------------+-------+---------+-------+------------------+
---------------------------------------------------------------------------------
Finished RTL Optimization Phase 1 : Time (s): cpu = 00:00:06 ; elapsed = 00:00:06 . Memory (MB): peak = 301.008 ; gain = 129.590
---------------------------------------------------------------------------------
INFO: [Device 21-403] Loading part xc7a35ticsg324-1L
INFO: [Project 1-570] Preparing netlist for logic optimization

Processing XDC Constraints
Initializing timing engine
Parsing XDC File [C:/Github/IEEE1355FPGA_KS/src/fpga_constraints.xdc]
Finished Parsing XDC File [C:/Github/IEEE1355FPGA_KS/src/fpga_constraints.xdc]
INFO: [Project 1-236] Implementation specific constraints were found while reading constraint file [C:/Github/IEEE1355FPGA_KS/src/fpga_constraints.xdc]. These constraints will be ignored for synthesis but will be used in implementation. Impacted constraints are listed in the file [.Xil/node_propImpl.xdc].
Resolution: To avoid this warning, move constraints listed in [.Xil/node_propImpl.xdc] to another XDC file and exclude this new file from synthesis with the used_in_synthesis property (File Properties dialog in GUI) and re-run elaboration/synthesis.
Completed Processing XDC Constraints

INFO: [Project 1-111] Unisim Transformation Summary:
No Unisim elements were transformed.

Constraint Validation Runtime : Time (s): cpu = 00:00:00 ; elapsed = 00:00:00.002 . Memory (MB): peak = 586.137 ; gain = 0.000
---------------------------------------------------------------------------------
Finished Constraint Validation : Time (s): cpu = 00:00:12 ; elapsed = 00:00:13 . Memory (MB): peak = 586.137 ; gain = 414.719
---------------------------------------------------------------------------------
---------------------------------------------------------------------------------
Start Loading Part and Timing Information
---------------------------------------------------------------------------------
Loading part: xc7a35ticsg324-1L
---------------------------------------------------------------------------------
Finished Loading Part and Timing Information : Time (s): cpu = 00:00:12 ; elapsed = 00:00:13 . Memory (MB): peak = 586.137 ; gain = 414.719
---------------------------------------------------------------------------------
---------------------------------------------------------------------------------
Start Applying 'set_property' XDC Constraints
---------------------------------------------------------------------------------
---------------------------------------------------------------------------------
Finished applying 'set_property' XDC Constraints : Time (s): cpu = 00:00:12 ; elapsed = 00:00:13 . Memory (MB): peak = 586.137 ; gain = 414.719
---------------------------------------------------------------------------------
INFO: [Synth 8-5544] ROM "cnt_max_delay" won't be mapped to Block RAM because address size (1) smaller than threshold (5)
WARNING: [Synth 8-327] inferring latch for variable 'ExTxA_reg[fcc_flag]' [C:/Github/IEEE1355FPGA_KS/src/exchange_tx.vhd:70]
WARNING: [Synth 8-327] inferring latch for variable 'CharRxEx_reg[parity_error]' [C:/Github/IEEE1355FPGA_KS/src/char_rx.vhd:67]
WARNING: [Synth 8-327] inferring latch for variable 'total_parity_reg' [C:/Github/IEEE1355FPGA_KS/src/char_rx.vhd:69]
WARNING: [Synth 8-327] inferring latch for variable 'char_parity_reg' [C:/Github/IEEE1355FPGA_KS/src/char_rx.vhd:68]
---------------------------------------------------------------------------------
Finished RTL Optimization Phase 2 : Time (s): cpu = 00:00:13 ; elapsed = 00:00:13 . Memory (MB): peak = 586.137 ; gain = 414.719
---------------------------------------------------------------------------------

Report RTL Partitions: 
+-+--------------+------------+----------+
| |RTL Partition |Replication |Instances |
+-+--------------+------------+----------+
+-+--------------+------------+----------+
---------------------------------------------------------------------------------
Start RTL Component Statistics 
---------------------------------------------------------------------------------
Detailed RTL Component Info : 
+---Adders : 
	   2 Input     10 Bit       Adders := 1     
	   2 Input      4 Bit       Adders := 2     
+---XORs : 
	   8 Input      1 Bit         XORs := 2     
	   2 Input      1 Bit         XORs := 3     
	   4 Input      1 Bit         XORs := 1     
	   3 Input      1 Bit         XORs := 1     
+---Registers : 
	               10 Bit    Registers := 5     
	                8 Bit    Registers := 3     
	                4 Bit    Registers := 4     
	                1 Bit    Registers := 30    
+---Muxes : 
	   6 Input     10 Bit        Muxes := 1     
	   2 Input     10 Bit        Muxes := 6     
	   5 Input     10 Bit        Muxes := 1     
	   2 Input      8 Bit        Muxes := 1     
	   2 Input      4 Bit        Muxes := 5     
	   5 Input      4 Bit        Muxes := 1     
	   3 Input      3 Bit        Muxes := 1     
---------------------------------------------------------------------------------
Finished RTL Component Statistics 
---------------------------------------------------------------------------------
---------------------------------------------------------------------------------
Start RTL Hierarchical Component Statistics 
---------------------------------------------------------------------------------
Hierarchical RTL Component report 
Module clk_prescaler 
Detailed RTL Component Info : 
+---Registers : 
	                1 Bit    Registers := 1     
Module exchange_tx 
Detailed RTL Component Info : 
+---Adders : 
	   2 Input      4 Bit       Adders := 1     
+---Registers : 
	                4 Bit    Registers := 1     
	                1 Bit    Registers := 4     
+---Muxes : 
	   2 Input      4 Bit        Muxes := 1     
Module packet_tx 
Detailed RTL Component Info : 
+---Registers : 
	                8 Bit    Registers := 1     
Module char_tx 
Detailed RTL Component Info : 
+---XORs : 
	   8 Input      1 Bit         XORs := 1     
	   2 Input      1 Bit         XORs := 1     
+---Registers : 
	               10 Bit    Registers := 1     
	                4 Bit    Registers := 2     
	                1 Bit    Registers := 6     
+---Muxes : 
	   6 Input     10 Bit        Muxes := 1     
	   2 Input      4 Bit        Muxes := 1     
	   5 Input      4 Bit        Muxes := 1     
Module signal_tx 
Detailed RTL Component Info : 
+---XORs : 
	   2 Input      1 Bit         XORs := 2     
+---Registers : 
	               10 Bit    Registers := 1     
	                1 Bit    Registers := 4     
+---Muxes : 
	   2 Input     10 Bit        Muxes := 1     
Module signal_rx 
Detailed RTL Component Info : 
+---Adders : 
	   2 Input     10 Bit       Adders := 1     
	   2 Input      4 Bit       Adders := 1     
+---XORs : 
	   4 Input      1 Bit         XORs := 1     
+---Registers : 
	               10 Bit    Registers := 3     
	                4 Bit    Registers := 1     
	                1 Bit    Registers := 10    
+---Muxes : 
	   2 Input     10 Bit        Muxes := 5     
	   5 Input     10 Bit        Muxes := 1     
	   2 Input      4 Bit        Muxes := 3     
	   3 Input      3 Bit        Muxes := 1     
Module char_rx 
Detailed RTL Component Info : 
+---XORs : 
	   3 Input      1 Bit         XORs := 1     
	   8 Input      1 Bit         XORs := 1     
+---Registers : 
	                8 Bit    Registers := 1     
	                1 Bit    Registers := 5     
Module packet_rx 
Detailed RTL Component Info : 
+---Registers : 
	                8 Bit    Registers := 1     
+---Muxes : 
	   2 Input      8 Bit        Muxes := 1     
---------------------------------------------------------------------------------
Finished RTL Hierarchical Component Statistics
---------------------------------------------------------------------------------
---------------------------------------------------------------------------------
Start Part Resource Summary
---------------------------------------------------------------------------------
Part Resources:
DSPs: 90 (col length:60)
BRAMs: 100 (col length: RAMB18 60 RAMB36 30)
---------------------------------------------------------------------------------
Finished Part Resource Summary
---------------------------------------------------------------------------------
Start Parallel Synthesis Optimization  : Time (s): cpu = 00:00:13 ; elapsed = 00:00:14 . Memory (MB): peak = 586.137 ; gain = 414.719
---------------------------------------------------------------------------------
Start Cross Boundary Optimization
---------------------------------------------------------------------------------
---------------------------------------------------------------------------------
Finished Cross Boundary Optimization : Time (s): cpu = 00:00:13 ; elapsed = 00:00:14 . Memory (MB): peak = 586.137 ; gain = 414.719
---------------------------------------------------------------------------------
Finished Parallel Reinference  : Time (s): cpu = 00:00:13 ; elapsed = 00:00:14 . Memory (MB): peak = 586.137 ; gain = 414.719

Report RTL Partitions: 
+-+--------------+------------+----------+
| |RTL Partition |Replication |Instances |
+-+--------------+------------+----------+
+-+--------------+------------+----------+
---------------------------------------------------------------------------------
Start Area Optimization
---------------------------------------------------------------------------------
INFO: [Synth 8-3333] propagating constant 1 across sequential element (\TX1_pipeline_nd/char_tx_ins/cnt_max_delay_reg[0] )
WARNING: [Synth 8-3332] Sequential element (\RX1_pipeline_nd/char_rx_ins/CharRxEx_reg[parity_error] ) is unused and will be removed from module node.
WARNING: [Synth 8-3332] Sequential element (\RX1_pipeline_nd/char_rx_ins/total_parity_reg ) is unused and will be removed from module node.
WARNING: [Synth 8-3332] Sequential element (\RX1_pipeline_nd/char_rx_ins/char_parity_reg ) is unused and will be removed from module node.
WARNING: [Synth 8-3332] Sequential element (\RX1_pipeline_nd/signal_rx_inst/data_reg[9] ) is unused and will be removed from module node.
WARNING: [Synth 8-3332] Sequential element (\TX1_pipeline_nd/char_tx_ins/cnt_max_delay_reg[0] ) is unused and will be removed from module node.
WARNING: [Synth 8-3332] Sequential element (\TX1_pipeline_nd/char_tx_ins/CharTxEx_reg[eop2_sent] ) is unused and will be removed from module node.
WARNING: [Synth 8-3332] Sequential element (\TX1_pipeline_nd/char_tx_ins/CharTxEx_reg[esc_sent] ) is unused and will be removed from module node.
WARNING: [Synth 8-3332] Sequential element (\TX1_pipeline_nd/char_tx_ins/CharTxEx_reg[data_sent] ) is unused and will be removed from module node.
WARNING: [Synth 8-3332] Sequential element (\RX1_pipeline_nd/signal_rx_inst/rd_parity_reg ) is unused and will be removed from module node.
WARNING: [Synth 8-3332] Sequential element (\RX1_pipeline_nd/signal_rx_inst/rd_char_parity_reg ) is unused and will be removed from module node.
WARNING: [Synth 8-3332] Sequential element (\RX1_pipeline_nd/signal_rx_inst/pc_char_reg[9] ) is unused and will be removed from module node.
WARNING: [Synth 8-3332] Sequential element (\RX1_pipeline_nd/signal_rx_inst/timer_reg[9] ) is unused and will be removed from module node.
WARNING: [Synth 8-3332] Sequential element (\RX1_pipeline_nd/signal_rx_inst/timer_reg[8] ) is unused and will be removed from module node.
WARNING: [Synth 8-3332] Sequential element (\RX1_pipeline_nd/signal_rx_inst/timer_reg[7] ) is unused and will be removed from module node.
WARNING: [Synth 8-3332] Sequential element (\RX1_pipeline_nd/signal_rx_inst/timer_reg[6] ) is unused and will be removed from module node.
WARNING: [Synth 8-3332] Sequential element (\RX1_pipeline_nd/signal_rx_inst/timer_reg[5] ) is unused and will be removed from module node.
WARNING: [Synth 8-3332] Sequential element (\RX1_pipeline_nd/signal_rx_inst/timer_reg[4] ) is unused and will be removed from module node.
WARNING: [Synth 8-3332] Sequential element (\RX1_pipeline_nd/signal_rx_inst/timer_reg[3] ) is unused and will be removed from module node.
WARNING: [Synth 8-3332] Sequential element (\RX1_pipeline_nd/signal_rx_inst/timer_reg[2] ) is unused and will be removed from module node.
WARNING: [Synth 8-3332] Sequential element (\RX1_pipeline_nd/signal_rx_inst/timer_reg[1] ) is unused and will be removed from module node.
WARNING: [Synth 8-3332] Sequential element (\RX1_pipeline_nd/signal_rx_inst/timer_reg[0] ) is unused and will be removed from module node.
INFO: [Synth 8-3886] merging instance '\TX1_pipeline_nd/char_tx_ins/cnt_max_delay_reg[2] ' (FDP) to '\TX1_pipeline_nd/char_tx_ins/cnt_max_delay_reg[1] '
INFO: [Synth 8-3886] merging instance '\TX1_pipeline_nd/char_tx_ins/CharTxEx_reg[cnt_max][2] ' (FDCE) to '\TX1_pipeline_nd/char_tx_ins/CharTxEx_reg[cnt_max][1] '
INFO: [Synth 8-3333] propagating constant 0 across sequential element (\RX1_pipeline_nd/packet_rx_ins/data_sv_reg[0] )
INFO: [Synth 8-3333] propagating constant 0 across sequential element (\RX1_pipeline_nd/packet_rx_ins/data_sv_reg[1] )
INFO: [Synth 8-3333] propagating constant 0 across sequential element (\RX1_pipeline_nd/packet_rx_ins/data_sv_reg[2] )
INFO: [Synth 8-3333] propagating constant 0 across sequential element (\RX1_pipeline_nd/packet_rx_ins/data_sv_reg[3] )
INFO: [Synth 8-3333] propagating constant 0 across sequential element (\RX1_pipeline_nd/packet_rx_ins/data_sv_reg[4] )
INFO: [Synth 8-3333] propagating constant 0 across sequential element (\RX1_pipeline_nd/packet_rx_ins/data_sv_reg[5] )
INFO: [Synth 8-3333] propagating constant 0 across sequential element (\RX1_pipeline_nd/packet_rx_ins/data_sv_reg[6] )
INFO: [Synth 8-3333] propagating constant 0 across sequential element (\RX1_pipeline_nd/packet_rx_ins/data_sv_reg[7] )
WARNING: [Synth 8-3332] Sequential element (\RX1_pipeline_nd/signal_rx_inst/data_reg[8] ) is unused and will be removed from module node.
WARNING: [Synth 8-3332] Sequential element (\RX1_pipeline_nd/signal_rx_inst/cnt_reg[3] ) is unused and will be removed from module node.
WARNING: [Synth 8-3332] Sequential element (\RX1_pipeline_nd/signal_rx_inst/cnt_reg[2] ) is unused and will be removed from module node.
WARNING: [Synth 8-3332] Sequential element (\RX1_pipeline_nd/signal_rx_inst/cnt_reg[1] ) is unused and will be removed from module node.
WARNING: [Synth 8-3332] Sequential element (\RX1_pipeline_nd/signal_rx_inst/cnt_reg[0] ) is unused and will be removed from module node.
WARNING: [Synth 8-3332] Sequential element (\TX1_pipeline_nd/char_tx_ins/cnt_max_delay_reg[2] ) is unused and will be removed from module node.
WARNING: [Synth 8-3332] Sequential element (\TX1_pipeline_nd/char_tx_ins/CharTxEx_reg[cnt_max][2] ) is unused and will be removed from module node.
WARNING: [Synth 8-3332] Sequential element (\RX1_pipeline_nd/signal_rx_inst/pc_char_reg[8] ) is unused and will be removed from module node.
WARNING: [Synth 8-3332] Sequential element (\RX1_pipeline_nd/signal_rx_inst/pc_char_reg[7] ) is unused and will be removed from module node.
WARNING: [Synth 8-3332] Sequential element (\RX1_pipeline_nd/signal_rx_inst/pc_char_reg[6] ) is unused and will be removed from module node.
WARNING: [Synth 8-3332] Sequential element (\RX1_pipeline_nd/signal_rx_inst/pc_char_reg[5] ) is unused and will be removed from module node.
WARNING: [Synth 8-3332] Sequential element (\RX1_pipeline_nd/signal_rx_inst/pc_char_reg[4] ) is unused and will be removed from module node.
WARNING: [Synth 8-3332] Sequential element (\RX1_pipeline_nd/signal_rx_inst/pc_char_reg[3] ) is unused and will be removed from module node.
WARNING: [Synth 8-3332] Sequential element (\RX1_pipeline_nd/signal_rx_inst/pc_char_reg[2] ) is unused and will be removed from module node.
WARNING: [Synth 8-3332] Sequential element (\RX1_pipeline_nd/signal_rx_inst/pc_char_reg[1] ) is unused and will be removed from module node.
WARNING: [Synth 8-3332] Sequential element (\RX1_pipeline_nd/signal_rx_inst/pc_char_reg[0] ) is unused and will be removed from module node.
WARNING: [Synth 8-3332] Sequential element (\RX1_pipeline_nd/signal_rx_inst/SigRxEx_reg[char_rcvd] ) is unused and will be removed from module node.
WARNING: [Synth 8-3332] Sequential element (\RX1_pipeline_nd/char_rx_ins/char_rx_reg[7] ) is unused and will be removed from module node.
WARNING: [Synth 8-3332] Sequential element (\RX1_pipeline_nd/char_rx_ins/char_rx_reg[6] ) is unused and will be removed from module node.
WARNING: [Synth 8-3332] Sequential element (\RX1_pipeline_nd/char_rx_ins/char_rx_reg[5] ) is unused and will be removed from module node.
WARNING: [Synth 8-3332] Sequential element (\RX1_pipeline_nd/char_rx_ins/char_rx_reg[4] ) is unused and will be removed from module node.
WARNING: [Synth 8-3332] Sequential element (\RX1_pipeline_nd/char_rx_ins/char_rx_reg[3] ) is unused and will be removed from module node.
WARNING: [Synth 8-3332] Sequential element (\RX1_pipeline_nd/char_rx_ins/char_rx_reg[2] ) is unused and will be removed from module node.
WARNING: [Synth 8-3332] Sequential element (\RX1_pipeline_nd/char_rx_ins/char_rx_reg[1] ) is unused and will be removed from module node.
WARNING: [Synth 8-3332] Sequential element (\RX1_pipeline_nd/char_rx_ins/char_rx_reg[0] ) is unused and will be removed from module node.
WARNING: [Synth 8-3332] Sequential element (\RX1_pipeline_nd/packet_rx_ins/data_sv_reg[7] ) is unused and will be removed from module node.
WARNING: [Synth 8-3332] Sequential element (\RX1_pipeline_nd/packet_rx_ins/data_sv_reg[6] ) is unused and will be removed from module node.
WARNING: [Synth 8-3332] Sequential element (\RX1_pipeline_nd/packet_rx_ins/data_sv_reg[5] ) is unused and will be removed from module node.
WARNING: [Synth 8-3332] Sequential element (\RX1_pipeline_nd/packet_rx_ins/data_sv_reg[4] ) is unused and will be removed from module node.
WARNING: [Synth 8-3332] Sequential element (\RX1_pipeline_nd/packet_rx_ins/data_sv_reg[3] ) is unused and will be removed from module node.
WARNING: [Synth 8-3332] Sequential element (\RX1_pipeline_nd/packet_rx_ins/data_sv_reg[2] ) is unused and will be removed from module node.
WARNING: [Synth 8-3332] Sequential element (\RX1_pipeline_nd/packet_rx_ins/data_sv_reg[1] ) is unused and will be removed from module node.
WARNING: [Synth 8-3332] Sequential element (\RX1_pipeline_nd/packet_rx_ins/data_sv_reg[0] ) is unused and will be removed from module node.
---------------------------------------------------------------------------------
Finished Area Optimization : Time (s): cpu = 00:00:13 ; elapsed = 00:00:14 . Memory (MB): peak = 586.137 ; gain = 414.719
---------------------------------------------------------------------------------
Finished Parallel Area Optimization  : Time (s): cpu = 00:00:13 ; elapsed = 00:00:14 . Memory (MB): peak = 586.137 ; gain = 414.719

Report RTL Partitions: 
+-+--------------+------------+----------+
| |RTL Partition |Replication |Instances |
+-+--------------+------------+----------+
+-+--------------+------------+----------+
---------------------------------------------------------------------------------
Start Timing Optimization
---------------------------------------------------------------------------------
---------------------------------------------------------------------------------
Start Applying XDC Timing Constraints
---------------------------------------------------------------------------------
---------------------------------------------------------------------------------
Finished Applying XDC Timing Constraints : Time (s): cpu = 00:00:22 ; elapsed = 00:00:23 . Memory (MB): peak = 586.137 ; gain = 414.719
---------------------------------------------------------------------------------
---------------------------------------------------------------------------------
Finished Timing Optimization : Time (s): cpu = 00:00:22 ; elapsed = 00:00:23 . Memory (MB): peak = 586.137 ; gain = 414.719
---------------------------------------------------------------------------------

Report RTL Partitions: 
+-+--------------+------------+----------+
| |RTL Partition |Replication |Instances |
+-+--------------+------------+----------+
+-+--------------+------------+----------+
---------------------------------------------------------------------------------
Start Technology Mapping
---------------------------------------------------------------------------------
---------------------------------------------------------------------------------
Finished Technology Mapping : Time (s): cpu = 00:00:22 ; elapsed = 00:00:23 . Memory (MB): peak = 586.137 ; gain = 414.719
---------------------------------------------------------------------------------
Finished Parallel Technology Mapping Optimization  : Time (s): cpu = 00:00:22 ; elapsed = 00:00:23 . Memory (MB): peak = 586.137 ; gain = 414.719

Report RTL Partitions: 
+-+--------------+------------+----------+
| |RTL Partition |Replication |Instances |
+-+--------------+------------+----------+
+-+--------------+------------+----------+
Finished Parallel Synthesis Optimization  : Time (s): cpu = 00:00:22 ; elapsed = 00:00:23 . Memory (MB): peak = 586.137 ; gain = 414.719
---------------------------------------------------------------------------------
Start IO Insertion
---------------------------------------------------------------------------------
---------------------------------------------------------------------------------
Start Flattening Before IO Insertion
---------------------------------------------------------------------------------
---------------------------------------------------------------------------------
Finished Flattening Before IO Insertion
---------------------------------------------------------------------------------
---------------------------------------------------------------------------------
Start Final Netlist Cleanup
---------------------------------------------------------------------------------
---------------------------------------------------------------------------------
Finished Final Netlist Cleanup
---------------------------------------------------------------------------------
---------------------------------------------------------------------------------
Finished IO Insertion : Time (s): cpu = 00:00:23 ; elapsed = 00:00:24 . Memory (MB): peak = 586.137 ; gain = 414.719
---------------------------------------------------------------------------------

Report Check Netlist: 
+------+------------------+-------+---------+-------+------------------+
|      |Item              |Errors |Warnings |Status |Description       |
+------+------------------+-------+---------+-------+------------------+
|1     |multi_driven_nets |      0|        0|Passed |Multi driven nets |
+------+------------------+-------+---------+-------+------------------+
---------------------------------------------------------------------------------
Start Renaming Generated Instances
---------------------------------------------------------------------------------
---------------------------------------------------------------------------------
Finished Renaming Generated Instances : Time (s): cpu = 00:00:23 ; elapsed = 00:00:24 . Memory (MB): peak = 586.137 ; gain = 414.719
---------------------------------------------------------------------------------

Report RTL Partitions: 
+-+--------------+------------+----------+
| |RTL Partition |Replication |Instances |
+-+--------------+------------+----------+
+-+--------------+------------+----------+
---------------------------------------------------------------------------------
Start Rebuilding User Hierarchy
---------------------------------------------------------------------------------
---------------------------------------------------------------------------------
Finished Rebuilding User Hierarchy : Time (s): cpu = 00:00:23 ; elapsed = 00:00:24 . Memory (MB): peak = 586.137 ; gain = 414.719
---------------------------------------------------------------------------------
---------------------------------------------------------------------------------
Start Renaming Generated Ports
---------------------------------------------------------------------------------
---------------------------------------------------------------------------------
Finished Renaming Generated Ports : Time (s): cpu = 00:00:23 ; elapsed = 00:00:24 . Memory (MB): peak = 586.137 ; gain = 414.719
---------------------------------------------------------------------------------
---------------------------------------------------------------------------------
Start Handling Custom Attributes
---------------------------------------------------------------------------------
---------------------------------------------------------------------------------
Finished Handling Custom Attributes : Time (s): cpu = 00:00:23 ; elapsed = 00:00:24 . Memory (MB): peak = 586.137 ; gain = 414.719
---------------------------------------------------------------------------------
---------------------------------------------------------------------------------
Start Renaming Generated Nets
---------------------------------------------------------------------------------
---------------------------------------------------------------------------------
Finished Renaming Generated Nets : Time (s): cpu = 00:00:23 ; elapsed = 00:00:24 . Memory (MB): peak = 586.137 ; gain = 414.719
---------------------------------------------------------------------------------
---------------------------------------------------------------------------------
Start Writing Synthesis Report
---------------------------------------------------------------------------------

Report BlackBoxes: 
+-+--------------+----------+
| |BlackBox name |Instances |
+-+--------------+----------+
+-+--------------+----------+

Report Cell Usage: 
+------+-----+------+
|      |Cell |Count |
+------+-----+------+
|1     |BUFG |     2|
|2     |LUT1 |     3|
|3     |LUT2 |     9|
|4     |LUT3 |    14|
|5     |LUT4 |     4|
|6     |LUT5 |     7|
|7     |FDCE |    56|
|8     |FDPE |     3|
|9     |FDRE |     1|
|10    |IBUF |    12|
|11    |OBUF |    10|
+------+-----+------+

Report Instance Areas: 
+------+-------------------+--------------+------+
|      |Instance           |Module        |Cells |
+------+-------------------+--------------+------+
|1     |top                |              |   121|
|2     |  Exchange_tx      |exchange_tx   |    13|
|3     |  RX1_pipeline_nd  |RX_pipeline   |    20|
|4     |    signal_rx_inst |signal_rx     |    20|
|5     |  TX1_pipeline_nd  |TX_pipeline   |    62|
|6     |    char_tx_ins    |char_tx       |    32|
|7     |    packet_tx_ins  |packet_tx     |    14|
|8     |    signal_tx_ins  |signal_tx     |    16|
|9     |  TX_clock         |clk_prescaler |     2|
+------+-------------------+--------------+------+
---------------------------------------------------------------------------------
Finished Writing Synthesis Report : Time (s): cpu = 00:00:23 ; elapsed = 00:00:24 . Memory (MB): peak = 586.137 ; gain = 414.719
---------------------------------------------------------------------------------
Synthesis finished with 0 errors, 0 critical warnings and 58 warnings.
Synthesis Optimization Runtime : Time (s): cpu = 00:00:14 ; elapsed = 00:00:18 . Memory (MB): peak = 586.137 ; gain = 109.578
Synthesis Optimization Complete : Time (s): cpu = 00:00:23 ; elapsed = 00:00:24 . Memory (MB): peak = 586.137 ; gain = 414.719
INFO: [Project 1-571] Translating synthesized netlist
INFO: [Netlist 29-17] Analyzing 12 Unisim elements for replacement
INFO: [Netlist 29-28] Unisim Transformation completed in 0 CPU seconds
INFO: [Project 1-570] Preparing netlist for logic optimization
INFO: [Opt 31-138] Pushed 0 inverter(s) to 0 load pin(s).
INFO: [Project 1-111] Unisim Transformation Summary:
No Unisim elements were transformed.

INFO: [Common 17-83] Releasing license: Synthesis
46 Infos, 70 Warnings, 0 Critical Warnings and 0 Errors encountered.
synth_design completed successfully
synth_design: Time (s): cpu = 00:00:22 ; elapsed = 00:00:23 . Memory (MB): peak = 586.137 ; gain = 398.848
report_utilization: Time (s): cpu = 00:00:00 ; elapsed = 00:00:00.013 . Memory (MB): peak = 586.137 ; gain = 0.000
INFO: [Common 17-206] Exiting Vivado at Tue Apr 26 07:13:13 2016...
